# JRE version: OpenJDK Runtime Environment (11.0.13) (build 11.0.13+0-b1751.21-8125866)
# Java VM: OpenJDK 64-Bit Server VM (11.0.13+0-b1751.21-8125866, mixed mode, tiered, compressed oops, g1 gc, windows-amd64)
Heap:
 garbage-first heap   total 689152K, used 295144K [0x0000000080000000, 0x0000000100000000)
  region size 1024K, 4 young (4096K), 4 survivors (4096K)
 Metaspace       used 161922K, capacity 166325K, committed 166452K, reserved 1193984K
  class space    used 19603K, capacity 21266K, committed 21280K, reserved 1048576K
GC Heap History (20 events):
Event: 671.867 GC heap after
{Heap after GC invocations=114 (full 0):
 garbage-first heap   total 396288K, used 206805K [0x0000000080000000, 0x0000000100000000)
  region size 1024K, 2 young (2048K), 2 survivors (2048K)
 Metaspace       used 161441K, capacity 165936K, committed 166196K, reserved 1193984K
  class space    used 19593K, capacity 21252K, committed 21280K, reserved 1048576K
}
Event: 672.081 GC heap before
{Heap before GC invocations=114 (full 0):
 garbage-first heap   total 396288K, used 223189K [0x0000000080000000, 0x0000000100000000)
  region size 1024K, 19 young (19456K), 2 survivors (2048K)
 Metaspace       used 161452K, capacity 165939K, committed 166196K, reserved 1193984K
  class space    used 19593K, capacity 21253K, committed 21280K, reserved 1048576K
}
Event: 672.100 GC heap after
{Heap after GC invocations=115 (full 0):
 garbage-first heap   total 396288K, used 204289K [0x0000000080000000, 0x0000000100000000)
  region size 1024K, 3 young (3072K), 3 survivors (3072K)
 Metaspace       used 161452K, capacity 165939K, committed 166196K, reserved 1193984K
  class space    used 19593K, capacity 21253K, committed 21280K, reserved 1048576K
}
Event: 672.130 GC heap before
{Heap before GC invocations=115 (full 0):
 garbage-first heap   total 396288K, used 208385K [0x0000000080000000, 0x0000000100000000)
  region size 1024K, 8 young (8192K), 3 survivors (3072K)
 Metaspace       used 161457K, capacity 165939K, committed 166196K, reserved 1193984K
  class space    used 19593K, capacity 21253K, committed 21280K, reserved 1048576K
}
Event: 672.143 GC heap after
{Heap after GC invocations=116 (full 0):
 garbage-first heap   total 396288K, used 204282K [0x0000000080000000, 0x0000000100000000)
  region size 1024K, 3 young (3072K), 3 survivors (3072K)
 Metaspace       used 161457K, capacity 165939K, committed 166196K, reserved 1193984K
  class space    used 19593K, capacity 21253K, committed 21280K, reserved 1048576K
}
Event: 674.316 GC heap before
{Heap before GC invocations=117 (full 0):
 garbage-first heap   total 396288K, used 298490K [0x0000000080000000, 0x0000000100000000)
  region size 1024K, 95 young (97280K), 3 survivors (3072K)
 Metaspace       used 161483K, capacity 165946K, committed 166196K, reserved 1193984K
  class space    used 19594K, capacity 21254K, committed 21280K, reserved 1048576K
}
Event: 674.335 GC heap after
{Heap after GC invocations=118 (full 0):
 garbage-first heap   total 396288K, used 204877K [0x0000000080000000, 0x0000000100000000)
  region size 1024K, 4 young (4096K), 4 survivors (4096K)
 Metaspace       used 161483K, capacity 165946K, committed 166196K, reserved 1193984K
  class space    used 19594K, capacity 21254K, committed 21280K, reserved 1048576K
}
Event: 674.473 GC heap before
{Heap before GC invocations=118 (full 0):
 garbage-first heap   total 396288K, used 220237K [0x0000000080000000, 0x0000000100000000)
  region size 1024K, 19 young (19456K), 4 survivors (4096K)
 Metaspace       used 161483K, capacity 165946K, committed 166196K, reserved 1193984K
  class space    used 19594K, capacity 21254K, committed 21280K, reserved 1048576K
}
Event: 674.487 GC heap after
{Heap after GC invocations=119 (full 0):
 garbage-first heap   total 396288K, used 202971K [0x0000000080000000, 0x0000000100000000)
  region size 1024K, 1 young (1024K), 1 survivors (1024K)
 Metaspace       used 161483K, capacity 165946K, committed 166196K, reserved 1193984K
  class space    used 19594K, capacity 21254K, committed 21280K, reserved 1048576K
}
Event: 675.048 GC heap before
{Heap before GC invocations=119 (full 0):
 garbage-first heap   total 396288K, used 228571K [0x0000000080000000, 0x0000000100000000)
  region size 1024K, 27 young (27648K), 1 survivors (1024K)
 Metaspace       used 161511K, capacity 165946K, committed 166196K, reserved 1193984K
  class space    used 19594K, capacity 21254K, committed 21280K, reserved 1048576K
}
Event: 675.060 GC heap after
{Heap after GC invocations=120 (full 0):
 garbage-first heap   total 396288K, used 202776K [0x0000000080000000, 0x0000000100000000)
  region size 1024K, 1 young (1024K), 1 survivors (1024K)
 Metaspace       used 161511K, capacity 165946K, committed 166196K, reserved 1193984K
  class space    used 19594K, capacity 21254K, committed 21280K, reserved 1048576K
}
Event: 678.194 GC heap before
{Heap before GC invocations=121 (full 0):
 garbage-first heap   total 396288K, used 353304K [0x0000000080000000, 0x0000000100000000)
  region size 1024K, 109 young (111616K), 1 survivors (1024K)
 Metaspace       used 161754K, capacity 166215K, committed 166452K, reserved 1193984K
  class space    used 19597K, capacity 21255K, committed 21280K, reserved 1048576K
}
Event: 678.350 GC heap after
{Heap after GC invocations=122 (full 0):
 garbage-first heap   total 400384K, used 270727K [0x0000000080000000, 0x0000000100000000)
  region size 1024K, 14 young (14336K), 14 survivors (14336K)
 Metaspace       used 161754K, capacity 166215K, committed 166452K, reserved 1193984K
  class space    used 19597K, capacity 21255K, committed 21280K, reserved 1048576K
}
Event: 678.443 GC heap before
{Heap before GC invocations=122 (full 0):
 garbage-first heap   total 400384K, used 275847K [0x0000000080000000, 0x0000000100000000)
  region size 1024K, 19 young (19456K), 14 survivors (14336K)
 Metaspace       used 161755K, capacity 166215K, committed 166452K, reserved 1193984K
  class space    used 19597K, capacity 21255K, committed 21280K, reserved 1048576K
}
Event: 678.553 GC heap after
{Heap after GC invocations=123 (full 0):
 garbage-first heap   total 400384K, used 269824K [0x0000000080000000, 0x0000000100000000)
  region size 1024K, 3 young (3072K), 3 survivors (3072K)
 Metaspace       used 161755K, capacity 166215K, committed 166452K, reserved 1193984K
  class space    used 19597K, capacity 21255K, committed 21280K, reserved 1048576K
}
Event: 679.324 GC heap before
{Heap before GC invocations=123 (full 0):
 garbage-first heap   total 400384K, used 321024K [0x0000000080000000, 0x0000000100000000)
  region size 1024K, 54 young (55296K), 3 survivors (3072K)
 Metaspace       used 161804K, capacity 166285K, committed 166452K, reserved 1193984K
  class space    used 19598K, capacity 21257K, committed 21280K, reserved 1048576K
}
Event: 679.414 GC heap after
{Heap after GC invocations=124 (full 0):
 garbage-first heap   total 400384K, used 296960K [0x0000000080000000, 0x0000000100000000)
  region size 1024K, 7 young (7168K), 7 survivors (7168K)
 Metaspace       used 161804K, capacity 166285K, committed 166452K, reserved 1193984K
  class space    used 19598K, capacity 21257K, committed 21280K, reserved 1048576K
}
Event: 680.549 GC heap before
{Heap before GC invocations=124 (full 0):
 garbage-first heap   total 400384K, used 327680K [0x0000000080000000, 0x0000000100000000)
  region size 1024K, 38 young (38912K), 7 survivors (7168K)
 Metaspace       used 161908K, capacity 166322K, committed 166452K, reserved 1193984K
  class space    used 19603K, capacity 21266K, committed 21280K, reserved 1048576K
}
Event: 680.614 GC heap after
{Heap after GC invocations=125 (full 0):
 garbage-first heap   total 400384K, used 302996K [0x0000000080000000, 0x0000000100000000)
  region size 1024K, 5 young (5120K), 5 survivors (5120K)
 Metaspace       used 161908K, capacity 166322K, committed 166452K, reserved 1193984K
  class space    used 19603K, capacity 21266K, committed 21280K, reserved 1048576K
}
Event: 681.716 GC heap before
{Heap before GC invocations=125 (full 0):
 garbage-first heap   total 400384K, used 322452K [0x0000000080000000, 0x0000000100000000)
  region size 1024K, 35 young (35840K), 5 survivors (5120K)
 Metaspace       used 161922K, capacity 166325K, committed 166452K, reserved 1193984K
  class space    used 19603K, capacity 21266K, committed 21280K, reserved 1048576K
}

