# JRE version: OpenJDK Runtime Environment (11.0.13) (build 11.0.13+0-b1751.21-8125866)
# Java VM: OpenJDK 64-Bit Server VM (11.0.13+0-b1751.21-8125866, mixed mode, tiered, compressed oops, g1 gc, windows-amd64)
Heap:
 garbage-first heap   total 453632K, used 287744K [0x0000000080000000, 0x0000000100000000)
  region size 1024K, 8 young (8192K), 3 survivors (3072K)
 Metaspace       used 124613K, capacity 127697K, committed 127744K, reserved 1161216K
  class space    used 15521K, capacity 16631K, committed 16640K, reserved 1048576K
GC Heap History (20 events):
Event: 115.030 GC heap before
{Heap before GC invocations=89 (full 0):
 garbage-first heap   total 284672K, used 220649K [0x0000000080000000, 0x0000000100000000)
  region size 1024K, 13 young (13312K), 2 survivors (2048K)
 Metaspace       used 120077K, capacity 123069K, committed 123136K, reserved 1157120K
  class space    used 14773K, capacity 15821K, committed 15872K, reserved 1048576K
}
Event: 115.066 GC heap after
{Heap after GC invocations=90 (full 0):
 garbage-first heap   total 284672K, used 214814K [0x0000000080000000, 0x0000000100000000)
  region size 1024K, 2 young (2048K), 2 survivors (2048K)
 Metaspace       used 120077K, capacity 123069K, committed 123136K, reserved 1157120K
  class space    used 14773K, capacity 15821K, committed 15872K, reserved 1048576K
}
Event: 115.800 GC heap before
{Heap before GC invocations=90 (full 0):
 garbage-first heap   total 284672K, used 226078K [0x0000000080000000, 0x0000000100000000)
  region size 1024K, 13 young (13312K), 2 survivors (2048K)
 Metaspace       used 120081K, capacity 123069K, committed 123136K, reserved 1157120K
  class space    used 14773K, capacity 15821K, committed 15872K, reserved 1048576K
}
Event: 115.840 GC heap after
{Heap after GC invocations=91 (full 0):
 garbage-first heap   total 284672K, used 218623K [0x0000000080000000, 0x0000000100000000)
  region size 1024K, 2 young (2048K), 2 survivors (2048K)
 Metaspace       used 120081K, capacity 123069K, committed 123136K, reserved 1157120K
  class space    used 14773K, capacity 15821K, committed 15872K, reserved 1048576K
}
Event: 115.853 GC heap before
{Heap before GC invocations=91 (full 0):
 garbage-first heap   total 284672K, used 218623K [0x0000000080000000, 0x0000000100000000)
  region size 1024K, 3 young (3072K), 2 survivors (2048K)
 Metaspace       used 120081K, capacity 123069K, committed 123136K, reserved 1157120K
  class space    used 14773K, capacity 15821K, committed 15872K, reserved 1048576K
}
Event: 115.879 GC heap after
{Heap after GC invocations=92 (full 0):
 garbage-first heap   total 342016K, used 219577K [0x0000000080000000, 0x0000000100000000)
  region size 1024K, 1 young (1024K), 1 survivors (1024K)
 Metaspace       used 120081K, capacity 123069K, committed 123136K, reserved 1157120K
  class space    used 14773K, capacity 15821K, committed 15872K, reserved 1048576K
}
Event: 116.364 GC heap before
{Heap before GC invocations=92 (full 0):
 garbage-first heap   total 342016K, used 235961K [0x0000000080000000, 0x0000000100000000)
  region size 1024K, 16 young (16384K), 1 survivors (1024K)
 Metaspace       used 120683K, capacity 123729K, committed 123776K, reserved 1157120K
  class space    used 14881K, capacity 15960K, committed 16000K, reserved 1048576K
}
Event: 116.402 GC heap after
{Heap after GC invocations=93 (full 0):
 garbage-first heap   total 342016K, used 227328K [0x0000000080000000, 0x0000000100000000)
  region size 1024K, 2 young (2048K), 2 survivors (2048K)
 Metaspace       used 120683K, capacity 123729K, committed 123776K, reserved 1157120K
  class space    used 14881K, capacity 15960K, committed 16000K, reserved 1048576K
}
Event: 117.523 GC heap before
{Heap before GC invocations=94 (full 0):
 garbage-first heap   total 342016K, used 241664K [0x0000000080000000, 0x0000000100000000)
  region size 1024K, 16 young (16384K), 2 survivors (2048K)
 Metaspace       used 122263K, capacity 125301K, committed 125440K, reserved 1159168K
  class space    used 15230K, capacity 16314K, committed 16384K, reserved 1048576K
}
Event: 117.563 GC heap after
{Heap after GC invocations=95 (full 0):
 garbage-first heap   total 342016K, used 232966K [0x0000000080000000, 0x0000000100000000)
  region size 1024K, 2 young (2048K), 2 survivors (2048K)
 Metaspace       used 122263K, capacity 125301K, committed 125440K, reserved 1159168K
  class space    used 15230K, capacity 16314K, committed 16384K, reserved 1048576K
}
Event: 117.881 GC heap before
{Heap before GC invocations=95 (full 0):
 garbage-first heap   total 342016K, used 247302K [0x0000000080000000, 0x0000000100000000)
  region size 1024K, 16 young (16384K), 2 survivors (2048K)
 Metaspace       used 122360K, capacity 125376K, committed 125696K, reserved 1159168K
  class space    used 15230K, capacity 16314K, committed 16384K, reserved 1048576K
}
Event: 117.921 GC heap after
{Heap after GC invocations=96 (full 0):
 garbage-first heap   total 342016K, used 240361K [0x0000000080000000, 0x0000000100000000)
  region size 1024K, 2 young (2048K), 2 survivors (2048K)
 Metaspace       used 122360K, capacity 125376K, committed 125696K, reserved 1159168K
  class space    used 15230K, capacity 16314K, committed 16384K, reserved 1048576K
}
Event: 118.365 GC heap before
{Heap before GC invocations=96 (full 0):
 garbage-first heap   total 342016K, used 264937K [0x0000000080000000, 0x0000000100000000)
  region size 1024K, 26 young (26624K), 2 survivors (2048K)
 Metaspace       used 122383K, capacity 125445K, committed 125696K, reserved 1159168K
  class space    used 15230K, capacity 16314K, committed 16384K, reserved 1048576K
}
Event: 118.415 GC heap after
{Heap after GC invocations=97 (full 0):
 garbage-first heap   total 342016K, used 252892K [0x0000000080000000, 0x0000000100000000)
  region size 1024K, 4 young (4096K), 4 survivors (4096K)
 Metaspace       used 122383K, capacity 125445K, committed 125696K, reserved 1159168K
  class space    used 15230K, capacity 16314K, committed 16384K, reserved 1048576K
}
Event: 118.736 GC heap before
{Heap before GC invocations=97 (full 0):
 garbage-first heap   total 342016K, used 273372K [0x0000000080000000, 0x0000000100000000)
  region size 1024K, 25 young (25600K), 4 survivors (4096K)
 Metaspace       used 122392K, capacity 125445K, committed 125696K, reserved 1159168K
  class space    used 15230K, capacity 16314K, committed 16384K, reserved 1048576K
}
Event: 118.800 GC heap after
{Heap after GC invocations=98 (full 0):
 garbage-first heap   total 453632K, used 265113K [0x0000000080000000, 0x0000000100000000)
  region size 1024K, 4 young (4096K), 4 survivors (4096K)
 Metaspace       used 122392K, capacity 125445K, committed 125696K, reserved 1159168K
  class space    used 15230K, capacity 16314K, committed 16384K, reserved 1048576K
}
Event: 119.946 GC heap before
{Heap before GC invocations=99 (full 0):
 garbage-first heap   total 453632K, used 292761K [0x0000000080000000, 0x0000000100000000)
  region size 1024K, 31 young (31744K), 4 survivors (4096K)
 Metaspace       used 122902K, capacity 125950K, committed 126208K, reserved 1159168K
  class space    used 15301K, capacity 16373K, committed 16384K, reserved 1048576K
}
Event: 120.024 GC heap after
{Heap after GC invocations=100 (full 0):
 garbage-first heap   total 453632K, used 279104K [0x0000000080000000, 0x0000000100000000)
  region size 1024K, 4 young (4096K), 4 survivors (4096K)
 Metaspace       used 122902K, capacity 125950K, committed 126208K, reserved 1159168K
  class space    used 15301K, capacity 16373K, committed 16384K, reserved 1048576K
}
Event: 121.166 GC heap before
{Heap before GC invocations=100 (full 0):
 garbage-first heap   total 453632K, used 297536K [0x0000000080000000, 0x0000000100000000)
  region size 1024K, 22 young (22528K), 4 survivors (4096K)
 Metaspace       used 124453K, capacity 127584K, committed 127744K, reserved 1161216K
  class space    used 15499K, capacity 16613K, committed 16640K, reserved 1048576K
}
Event: 121.223 GC heap after
{Heap after GC invocations=101 (full 0):
 garbage-first heap   total 453632K, used 283648K [0x0000000080000000, 0x0000000100000000)
  region size 1024K, 3 young (3072K), 3 survivors (3072K)
 Metaspace       used 124453K, capacity 127584K, committed 127744K, reserved 1161216K
  class space    used 15499K, capacity 16613K, committed 16640K, reserved 1048576K
}

